<?xml version="1.0" encoding="UTF-8"?>
<!-- Generated by org.testng.reporters.JUnitXMLReporter -->
<testsuite ignored="0" hostname="DESKTOP-FL65SAV" failures="1" tests="1" name="TestOnChrome" time="129.234" errors="0" timestamp="2024-06-29T18:50:42 IST">
  <testcase classname="flipkart_Test.flipkart_Test" name="homePageProcess" time="52.227">
    <failure type="java.lang.AssertionError" message="expected [true] but found [false]">
      <![CDATA[java.lang.AssertionError: expected [true] but found [false]
at flipkart_Test.flipkart_Test.homePageProcess(flipkart_Test.java:22)
at java.base/java.util.ArrayList.forEach(ArrayList.java:1511)
... Removed 34 stack frames]]>
    </failure>
  </testcase> <!-- homePageProcess -->
</testsuite> <!-- TestOnChrome -->
